kotlin version: 2.0.21
error message: org.jetbrains.kotlin.backend.common.BackendException: Backend Internal error: Exception during IR lowering
File being compiled: /Users/jalu/Code/pingu/common/image/src/main/java/com/example/common/image/RemoteImage.kt
The root cause java.lang.RuntimeException was thrown at: org.jetbrains.kotlin.backend.jvm.codegen.FunctionCodegen.generate(FunctionCodegen.kt:47)
	at org.jetbrains.kotlin.backend.common.CodegenUtil.reportBackendException(CodegenUtil.kt:253)
	at org.jetbrains.kotlin.backend.common.CodegenUtil.reportBackendException$default(CodegenUtil.kt:236)
	at org.jetbrains.kotlin.backend.common.phaser.PerformByIrFilePhase.invokeSequential(performByIrFile.kt:65)
	at org.jetbrains.kotlin.backend.common.phaser.PerformByIrFilePhase.invoke(performByIrFile.kt:52)
	at org.jetbrains.kotlin.backend.common.phaser.PerformByIrFilePhase.invoke(performByIrFile.kt:38)
	at org.jetbrains.kotlin.backend.common.phaser.NamedCompilerPhase.phaseBody(CompilerPhase.kt:166)
	at org.jetbrains.kotlin.backend.common.phaser.AbstractNamedCompilerPhase.invoke(CompilerPhase.kt:113)
	at org.jetbrains.kotlin.backend.common.phaser.CompositePhase.invoke(PhaseBuilders.kt:27)
	at org.jetbrains.kotlin.backend.common.phaser.CompositePhase.invoke(PhaseBuilders.kt:14)
	at org.jetbrains.kotlin.backend.common.phaser.NamedCompilerPhase.phaseBody(CompilerPhase.kt:166)
	at org.jetbrains.kotlin.backend.common.phaser.AbstractNamedCompilerPhase.invoke(CompilerPhase.kt:113)
	at org.jetbrains.kotlin.backend.common.phaser.CompilerPhaseKt.invokeToplevel(CompilerPhase.kt:62)
	at org.jetbrains.kotlin.backend.jvm.JvmIrCodegenFactory.invokeCodegen(JvmIrCodegenFactory.kt:371)
	at org.jetbrains.kotlin.codegen.CodegenFactory.generateModule(CodegenFactory.kt:47)
	at org.jetbrains.kotlin.backend.jvm.JvmIrCodegenFactory.generateModuleInFrontendIRMode(JvmIrCodegenFactory.kt:433)
	at org.jetbrains.kotlin.cli.jvm.compiler.pipeline.JvmCompilerPipelineKt.generateCodeFromIr(jvmCompilerPipeline.kt:246)
	at org.jetbrains.kotlin.cli.jvm.compiler.pipeline.JvmCompilerPipelineKt.compileModulesUsingFrontendIrAndLightTree(jvmCompilerPipeline.kt:142)
	at org.jetbrains.kotlin.cli.jvm.K2JVMCompiler.doExecute(K2JVMCompiler.kt:148)
	at org.jetbrains.kotlin.cli.jvm.K2JVMCompiler.doExecute(K2JVMCompiler.kt:43)
	at org.jetbrains.kotlin.cli.common.CLICompiler.execImpl(CLICompiler.kt:103)
	at org.jetbrains.kotlin.cli.common.CLICompiler.execImpl(CLICompiler.kt:49)
	at org.jetbrains.kotlin.cli.common.CLITool.exec(CLITool.kt:101)
	at org.jetbrains.kotlin.incremental.IncrementalJvmCompilerRunner.runCompiler(IncrementalJvmCompilerRunner.kt:464)
	at org.jetbrains.kotlin.incremental.IncrementalJvmCompilerRunner.runCompiler(IncrementalJvmCompilerRunner.kt:73)
	at org.jetbrains.kotlin.incremental.IncrementalCompilerRunner.doCompile(IncrementalCompilerRunner.kt:506)
	at org.jetbrains.kotlin.incremental.IncrementalCompilerRunner.compileImpl(IncrementalCompilerRunner.kt:423)
	at org.jetbrains.kotlin.incremental.IncrementalCompilerRunner.compileNonIncrementally(IncrementalCompilerRunner.kt:301)
	at org.jetbrains.kotlin.incremental.IncrementalCompilerRunner.compile(IncrementalCompilerRunner.kt:129)
	at org.jetbrains.kotlin.daemon.CompileServiceImplBase.execIncrementalCompiler(CompileServiceImpl.kt:675)
	at org.jetbrains.kotlin.daemon.CompileServiceImplBase.access$execIncrementalCompiler(CompileServiceImpl.kt:92)
	at org.jetbrains.kotlin.daemon.CompileServiceImpl.compile(CompileServiceImpl.kt:1660)
	at java.base/jdk.internal.reflect.DirectMethodHandleAccessor.invoke(Unknown Source)
	at java.base/java.lang.reflect.Method.invoke(Unknown Source)
	at java.rmi/sun.rmi.server.UnicastServerRef.dispatch(Unknown Source)
	at java.rmi/sun.rmi.transport.Transport$1.run(Unknown Source)
	at java.rmi/sun.rmi.transport.Transport$1.run(Unknown Source)
	at java.base/java.security.AccessController.doPrivileged(Unknown Source)
	at java.rmi/sun.rmi.transport.Transport.serviceCall(Unknown Source)
	at java.rmi/sun.rmi.transport.tcp.TCPTransport.handleMessages(Unknown Source)
	at java.rmi/sun.rmi.transport.tcp.TCPTransport$ConnectionHandler.run0(Unknown Source)
	at java.rmi/sun.rmi.transport.tcp.TCPTransport$ConnectionHandler.lambda$run$0(Unknown Source)
	at java.base/java.security.AccessController.doPrivileged(Unknown Source)
	at java.rmi/sun.rmi.transport.tcp.TCPTransport$ConnectionHandler.run(Unknown Source)
	at java.base/java.util.concurrent.ThreadPoolExecutor.runWorker(Unknown Source)
	at java.base/java.util.concurrent.ThreadPoolExecutor$Worker.run(Unknown Source)
	at java.base/java.lang.Thread.run(Unknown Source)
Caused by: java.lang.RuntimeException: Exception while generating code for:
FUN name:RemoteImage-wH6b6FI visibility:public modality:FINAL <> (url:kotlin.String?, modifier:androidx.compose.ui.Modifier, size:androidx.compose.ui.unit.Dp) returnType:kotlin.Unit
  annotations:
    Composable
  VALUE_PARAMETER name:url index:0 type:kotlin.String?
  VALUE_PARAMETER name:modifier index:1 type:androidx.compose.ui.Modifier
    EXPRESSION_BODY
      ERROR_EXPR 'Default Stub' type=androidx.compose.ui.Modifier
  VALUE_PARAMETER name:size index:2 type:androidx.compose.ui.unit.Dp
    EXPRESSION_BODY
      ERROR_EXPR 'Default Stub' type=androidx.compose.ui.unit.Dp
  BLOCK_BODY
    VAR PROPERTY_DELEGATE name:bitmap$delegate type:androidx.compose.runtime.MutableState<android.graphics.Bitmap?> [val]
      CALL 'public final fun remember <T> (calculation: @[DisallowComposableCalls] kotlin.Function0<T of androidx.compose.runtime.ComposablesKt.remember>): T of androidx.compose.runtime.ComposablesKt.remember [inline] declared in androidx.compose.runtime.ComposablesKt' type=androidx.compose.runtime.MutableState<android.graphics.Bitmap?> origin=null
        <T>: androidx.compose.runtime.MutableState<android.graphics.Bitmap?>
        calculation: BLOCK type=kotlin.Function0<androidx.compose.runtime.MutableState<android.graphics.Bitmap?>> origin=LAMBDA
          COMPOSITE type=kotlin.Unit origin=null
          FUNCTION_REFERENCE 'private final fun RemoteImage_wH6b6FI$lambda$0 (): androidx.compose.runtime.MutableState<android.graphics.Bitmap?> declared in com.example.common.image.RemoteImageKt' type=kotlin.Function0<androidx.compose.runtime.MutableState<android.graphics.Bitmap?>> origin=INLINE_LAMBDA reflectionTarget=null
    CALL 'public final fun LaunchedEffect (key1: kotlin.Any?, block: @[ExtensionFunctionType] kotlin.coroutines.SuspendFunction1<kotlinx.coroutines.CoroutineScope, kotlin.Unit>): kotlin.Unit declared in androidx.compose.runtime.EffectsKt' type=kotlin.Unit origin=null
      key1: GET_VAR 'url: kotlin.String? declared in com.example.common.image.RemoteImageKt.RemoteImage-wH6b6FI' type=kotlin.String? origin=null
      block: BLOCK type=com.example.common.image.RemoteImageKt.RemoteImage-wH6b6FI.<no name provided> origin=null
        CLASS SUSPEND_LAMBDA CLASS name:<no name provided> modality:FINAL visibility:public/*package*/ superTypes:[kotlin.coroutines.jvm.internal.SuspendLambda; kotlin.jvm.functions.Function2<kotlinx.coroutines.CoroutineScope, kotlin.coroutines.Continuation<kotlin.Unit>?, kotlin.Any?>]
          $this: VALUE_PARAMETER INSTANCE_RECEIVER name:<this> type:com.example.common.image.RemoteImageKt.RemoteImage-wH6b6FI.<no name provided>
          FIELD name:label type:kotlin.Int visibility:public/*package*/
          CONSTRUCTOR SUSPEND_LAMBDA visibility:public/*package*/ <> ($url:kotlin.String?, $bitmap$delegate:androidx.compose.runtime.MutableState<android.graphics.Bitmap?>, $completion:kotlin.coroutines.Continuation<com.example.common.image.RemoteImageKt.RemoteImage-wH6b6FI.<no name provided>>?) returnType:com.example.common.image.RemoteImageKt.RemoteImage-wH6b6FI.<no name provided> [primary]
            VALUE_PARAMETER BOUND_VALUE_PARAMETER name:$url index:0 type:kotlin.String?
            VALUE_PARAMETER BOUND_VALUE_PARAMETER name:$bitmap$delegate index:1 type:androidx.compose.runtime.MutableState<android.graphics.Bitmap?>
            VALUE_PARAMETER name:$completion index:2 type:kotlin.coroutines.Continuation<com.example.common.image.RemoteImageKt.RemoteImage-wH6b6FI.<no name provided>>?
            BLOCK_BODY
              SET_FIELD 'FIELD FIELD_FOR_CAPTURED_VALUE name:$url type:kotlin.String? visibility:public/*package*/ [final] declared in com.example.common.image.RemoteImageKt.RemoteImage-wH6b6FI.<no name provided>' type=kotlin.Unit origin=INITIALIZER_OF_FIELD_FOR_CAPTURED_VALUE
                receiver: GET_VAR '<this>: com.example.common.image.RemoteImageKt.RemoteImage-wH6b6FI.<no name provided> declared in com.example.common.image.RemoteImageKt.RemoteImage-wH6b6FI.<no name provided>' type=com.example.common.image.RemoteImageKt.RemoteImage-wH6b6FI.<no name provided> origin=null
                value: GET_VAR '$url: kotlin.String? declared in com.example.common.image.RemoteImageKt.RemoteImage-wH6b6FI.<no name provided>.<init>' type=kotlin.String? origin=null
              SET_FIELD 'FIELD FIELD_FOR_CAPTURED_VALUE name:$bitmap$delegate type:androidx.compose.runtime.MutableState<android.graphics.Bitmap?> visibility:public/*package*/ [final] declared in com.example.common.image.RemoteImageKt.RemoteImage-wH6b6FI.<no name provided>' type=kotlin.Unit origin=INITIALIZER_OF_FIELD_FOR_CAPTURED_VALUE
                receiver: GET_VAR '<this>: com.example.common.image.RemoteImageKt.RemoteImage-wH6b6FI.<no name provided> declared in com.example.common.image.RemoteImageKt.RemoteImage-wH6b6FI.<no name provided>' type=com.example.common.image.RemoteImageKt.RemoteImage-wH6b6FI.<no name provided> origin=null
                value: GET_VAR '$bitmap$delegate: androidx.compose.runtime.MutableState<android.graphics.Bitmap?> declared in com.example.common.image.RemoteImageKt.RemoteImage-wH6b6FI.<no name provided>.<init>' type=androidx.compose.runtime.MutableState<android.graphics.Bitmap?> origin=null
              DELEGATING_CONSTRUCTOR_CALL 'public constructor <init> (arity: kotlin.Int, $completion: kotlin.coroutines.Continuation<kotlin.Any?>?) declared in kotlin.coroutines.jvm.internal.SuspendLambda'
                arity: CONST Int type=kotlin.Int value=2
                $completion: GET_VAR '$completion: kotlin.coroutines.Continuation<com.example.common.image.RemoteImageKt.RemoteImage-wH6b6FI.<no name provided>>? declared in com.example.common.image.RemoteImageKt.RemoteImage-wH6b6FI.<no name provided>.<init>' type=kotlin.coroutines.Continuation<com.example.common.image.RemoteImageKt.RemoteImage-wH6b6FI.<no name provided>>? origin=null
              BLOCK type=kotlin.Unit origin=null
          FUN name:invokeSuspend visibility:public modality:FINAL <> ($this:com.example.common.image.RemoteImageKt.RemoteImage-wH6b6FI.<no name provided>, $result:kotlin.Result<kotlin.Any?>) returnType:kotlin.Any?
            overridden:
              protected abstract fun invokeSuspend ($result: kotlin.Result<kotlin.Any?>): kotlin.Any? declared in kotlin.coroutines.jvm.internal.SuspendLambda
            $this: VALUE_PARAMETER INSTANCE_RECEIVER name:<this> type:com.example.common.image.RemoteImageKt.RemoteImage-wH6b6FI.<no name provided>
            VALUE_PARAMETER name:$result index:0 type:kotlin.Result<kotlin.Any?>
            BLOCK_BODY
              CALL 'public final fun access$RemoteImage_wH6b6FI$lambda$2 ($bitmap$delegate: androidx.compose.runtime.MutableState<android.graphics.Bitmap?>, <set-?>: android.graphics.Bitmap?): kotlin.Unit declared in com.example.common.image.RemoteImageKt' type=kotlin.Unit origin=EQ
                $bitmap$delegate: GET_FIELD 'FIELD FIELD_FOR_CAPTURED_VALUE name:$bitmap$delegate type:androidx.compose.runtime.MutableState<android.graphics.Bitmap?> visibility:public/*package*/ [final] declared in com.example.common.image.RemoteImageKt.RemoteImage-wH6b6FI.<no name provided>' type=androidx.compose.runtime.MutableState<android.graphics.Bitmap?> origin=null
                  receiver: GET_VAR '<this>: com.example.common.image.RemoteImageKt.RemoteImage-wH6b6FI.<no name provided> declared in com.example.common.image.RemoteImageKt.RemoteImage-wH6b6FI.<no name provided>.invokeSuspend' type=com.example.common.image.RemoteImageKt.RemoteImage-wH6b6FI.<no name provided> origin=null
                <set-?>: BLOCK type=android.graphics.Bitmap? origin=FOLDED_SAFE_CALL
                  WHEN type=android.graphics.Bitmap? origin=FOLDED_SAFE_CALL
                    BRANCH
                      if: COMPOSITE type=kotlin.Boolean origin=null
                        VAR IR_TEMPORARY_VARIABLE name:tmp0_safe_receiver type:kotlin.String? [val]
                          GET_FIELD 'FIELD FIELD_FOR_CAPTURED_VALUE name:$url type:kotlin.String? visibility:public/*package*/ [final] declared in com.example.common.image.RemoteImageKt.RemoteImage-wH6b6FI.<no name provided>' type=kotlin.String? origin=null
                            receiver: GET_VAR '<this>: com.example.common.image.RemoteImageKt.RemoteImage-wH6b6FI.<no name provided> declared in com.example.common.image.RemoteImageKt.RemoteImage-wH6b6FI.<no name provided>.invokeSuspend' type=com.example.common.image.RemoteImageKt.RemoteImage-wH6b6FI.<no name provided> origin=null
                        CALL 'public final fun not (): kotlin.Boolean [operator] declared in kotlin.Boolean' type=kotlin.Boolean origin=null
                          $this: CALL 'public final fun EQEQ (arg0: kotlin.Any?, arg1: kotlin.Any?): kotlin.Boolean declared in kotlin.internal.ir' type=kotlin.Boolean origin=null
                            arg0: GET_VAR 'val tmp0_safe_receiver: kotlin.String? [val] declared in com.example.common.image.RemoteImageKt.RemoteImage-wH6b6FI.<no name provided>.invokeSuspend' type=kotlin.String? origin=null
                            arg1: CONST Null type=kotlin.Nothing? value=null
                      then: CALL 'public final fun let <T, R> (block: kotlin.Function1<T of kotlin.StandardKt.let, R of kotlin.StandardKt.let>): R of kotlin.StandardKt.let [inline] declared in kotlin.StandardKt' type=android.graphics.Bitmap? origin=null
                        <T>: kotlin.String
                        <R>: android.graphics.Bitmap?
                        $receiver: GET_VAR 'val tmp0_safe_receiver: kotlin.String? [val] declared in com.example.common.image.RemoteImageKt.RemoteImage-wH6b6FI.<no name provided>.invokeSuspend' type=kotlin.String? origin=null
                        block: BLOCK type=kotlin.Function1<kotlin.String, android.graphics.Bitmap?> origin=LAMBDA
                          COMPOSITE type=kotlin.Unit origin=null
                          FUNCTION_REFERENCE 'private final fun invokeSuspend$lambda$0 (it: kotlin.String): android.graphics.Bitmap? declared in com.example.common.image.RemoteImageKt.RemoteImage-wH6b6FI.<no name provided>' type=kotlin.Function1<kotlin.String, android.graphics.Bitmap?> origin=INLINE_LAMBDA reflectionTarget=null
                    BRANCH
                      if: CONST Boolean type=kotlin.Boolean value=true
                      then: CONST Null type=kotlin.Nothing? value=null
          FUN name:create visibility:public modality:FINAL <> ($this:com.example.common.image.RemoteImageKt.RemoteImage-wH6b6FI.<no name provided>, value:kotlin.Any?, $completion:kotlin.coroutines.Continuation<kotlin.Nothing>) returnType:kotlin.coroutines.Continuation<kotlin.Unit>
            overridden:
              public open fun create (value: kotlin.Any?, $completion: kotlin.coroutines.Continuation<kotlin.Nothing>): kotlin.coroutines.Continuation<kotlin.Unit> declared in kotlin.coroutines.jvm.internal.SuspendLambda
            $this: VALUE_PARAMETER INSTANCE_RECEIVER name:<this> type:com.example.common.image.RemoteImageKt.RemoteImage-wH6b6FI.<no name provided>
            VALUE_PARAMETER name:value index:0 type:kotlin.Any?
            VALUE_PARAMETER name:$completion index:1 type:kotlin.coroutines.Continuation<kotlin.Nothing>
            BLOCK_BODY
              RETURN type=kotlin.Nothing from='public final fun create (value: kotlin.Any?, $completion: kotlin.coroutines.Continuation<kotlin.Nothing>): kotlin.coroutines.Continuation<kotlin.Unit> declared in com.example.common.image.RemoteImageKt.RemoteImage-wH6b6FI.<no name provided>'
                CONSTRUCTOR_CALL 'public/*package*/ constructor <init> ($url: kotlin.String?, $bitmap$delegate: androidx.compose.runtime.MutableState<android.graphics.Bitmap?>, $completion: kotlin.coroutines.Continuation<com.example.common.image.RemoteImageKt.RemoteImage-wH6b6FI.<no name provided>>?) [primary] declared in com.example.common.image.RemoteImageKt.RemoteImage-wH6b6FI.<no name provided>' type=com.example.common.image.RemoteImageKt.RemoteImage-wH6b6FI.<no name provided> origin=null
                  $url: GET_FIELD 'FIELD FIELD_FOR_CAPTURED_VALUE name:$url type:kotlin.String? visibility:public/*package*/ [final] declared in com.example.common.image.RemoteImageKt.RemoteImage-wH6b6FI.<no name provided>' type=kotlin.String? origin=null
                    receiver: GET_VAR '<this>: com.example.common.image.RemoteImageKt.RemoteImage-wH6b6FI.<no name provided> declared in com.example.common.image.RemoteImageKt.RemoteImage-wH6b6FI.<no name provided>.create' type=com.example.common.image.RemoteImageKt.RemoteImage-wH6b6FI.<no name provided> origin=null
                  $bitmap$delegate: GET_FIELD 'FIELD FIELD_FOR_CAPTURED_VALUE name:$bitmap$delegate type:androidx.compose.runtime.MutableState<android.graphics.Bitmap?> visibility:public/*package*/ [final] declared in com.example.common.image.RemoteImageKt.RemoteImage-wH6b6FI.<no name provided>' type=androidx.compose.runtime.MutableState<android.graphics.Bitmap?> origin=null
                    receiver: GET_VAR '<this>: com.example.common.image.RemoteImageKt.RemoteImage-wH6b6FI.<no name provided> declared in com.example.common.image.RemoteImageKt.RemoteImage-wH6b6FI.<no name provided>.create' type=com.example.common.image.RemoteImageKt.RemoteImage-wH6b6FI.<no name provided> origin=null
                  $completion: GET_VAR '$completion: kotlin.coroutines.Continuation<kotlin.Nothing> declared in com.example.common.image.RemoteImageKt.RemoteImage-wH6b6FI.<no name provided>.create' type=kotlin.coroutines.Continuation<kotlin.Nothing> origin=null
          FUN name:invoke visibility:public modality:FINAL <> ($this:com.example.common.image.RemoteImageKt.RemoteImage-wH6b6FI.<no name provided>, p1:kotlinx.coroutines.CoroutineScope, p2:kotlin.coroutines.Continuation<kotlin.Unit>?) returnType:kotlin.Any?
            overridden:
              public abstract fun invoke (p1: P1 of kotlin.jvm.functions.Function2, p2: P2 of kotlin.jvm.functions.Function2): R of kotlin.jvm.functions.Function2 declared in kotlin.jvm.functions.Function2
            $this: VALUE_PARAMETER INSTANCE_RECEIVER name:<this> type:com.example.common.image.RemoteImageKt.RemoteImage-wH6b6FI.<no name provided>
            VALUE_PARAMETER name:p1 index:0 type:kotlinx.coroutines.CoroutineScope
            VALUE_PARAMETER name:p2 index:1 type:kotlin.coroutines.Continuation<kotlin.Unit>?
            BLOCK_BODY
              RETURN type=kotlin.Nothing from='public final fun invoke (p1: kotlinx.coroutines.CoroutineScope, p2: kotlin.coroutines.Continuation<kotlin.Unit>?): kotlin.Any? declared in com.example.common.image.RemoteImageKt.RemoteImage-wH6b6FI.<no name provided>'
                CALL 'public final fun invokeSuspend ($result: kotlin.Result<kotlin.Any?>): kotlin.Any? declared in com.example.common.image.RemoteImageKt.RemoteImage-wH6b6FI.<no name provided>' type=kotlin.Any? origin=null
                  $this: TYPE_OP type=com.example.common.image.RemoteImageKt.RemoteImage-wH6b6FI.<no name provided> origin=IMPLICIT_CAST typeOperand=com.example.common.image.RemoteImageKt.RemoteImage-wH6b6FI.<no name provided>
                    CALL 'public final fun create (value: kotlin.Any?, $completion: kotlin.coroutines.Continuation<kotlin.Nothing>): kotlin.coroutines.Continuation<kotlin.Unit> declared in com.example.common.image.RemoteImageKt.RemoteImage-wH6b6FI.<no name provided>' type=kotlin.coroutines.Continuation<kotlin.Unit> origin=null
                      $this: GET_VAR '<this>: com.example.common.image.RemoteImageKt.RemoteImage-wH6b6FI.<no name provided> declared in com.example.common.image.RemoteImageKt.RemoteImage-wH6b6FI.<no name provided>.invoke' type=com.example.common.image.RemoteImageKt.RemoteImage-wH6b6FI.<no name provided> origin=null
                      value: GET_VAR 'p1: kotlinx.coroutines.CoroutineScope declared in com.example.common.image.RemoteImageKt.RemoteImage-wH6b6FI.<no name provided>.invoke' type=kotlinx.coroutines.CoroutineScope origin=null
                      $completion: GET_VAR 'p2: kotlin.coroutines.Continuation<kotlin.Unit>? declared in com.example.common.image.RemoteImageKt.RemoteImage-wH6b6FI.<no name provided>.invoke' type=kotlin.coroutines.Continuation<kotlin.Unit>? origin=null
                  $result: CALL 'public final fun <unsafe-coerce> <T, R> (v: T of kotlin.jvm.internal.<unsafe-coerce>): R of kotlin.jvm.internal.<unsafe-coerce> declared in kotlin.jvm.internal' type=kotlin.Result<kotlin.Any?> origin=null
                    <T>: kotlin.Any?
                    <R>: kotlin.Result<kotlin.Any?>
                    v: GET_FIELD 'FIELD FIELD_FOR_OBJECT_INSTANCE name:INSTANCE type:kotlin.Unit visibility:public [final,static] declared in kotlin.Unit' type=kotlin.Unit origin=null
          FIELD FIELD_FOR_CAPTURED_VALUE name:$url type:kotlin.String? visibility:public/*package*/ [final]
          FIELD FIELD_FOR_CAPTURED_VALUE name:$bitmap$delegate type:androidx.compose.runtime.MutableState<android.graphics.Bitmap?> visibility:public/*package*/ [final]
          FUN INLINE_LAMBDA name:invokeSuspend$lambda$0 visibility:private modality:FINAL <> (it:kotlin.String) returnType:android.graphics.Bitmap?
            VALUE_PARAMETER name:it index:0 type:kotlin.String
            BLOCK_BODY
              VAR name:$i$a$-let-RemoteImageKt$RemoteImage$1$1 type:kotlin.Int [val]
                CONST Int type=kotlin.Int value=0
              RETURN type=kotlin.Nothing from='private final fun invokeSuspend$lambda$0 (it: kotlin.String): android.graphics.Bitmap? declared in com.example.common.image.RemoteImageKt.RemoteImage-wH6b6FI.<no name provided>'
                CALL 'public final fun access$loadBitmapFromUrl (url: kotlin.String, $completion: kotlin.coroutines.Continuation<android.graphics.Bitmap?>): kotlin.Any? [suspend] declared in com.example.common.image.RemoteImageKt' type=android.graphics.Bitmap? origin=null
                  url: GET_VAR 'it: kotlin.String declared in com.example.common.image.RemoteImageKt.RemoteImage-wH6b6FI.<no name provided>.invokeSuspend$lambda$0' type=kotlin.String origin=null
                  $completion: COMPOSITE type=kotlin.coroutines.Continuation<android.graphics.Bitmap?> origin=FAKE_CONTINUATION
          FUN BRIDGE name:invoke visibility:public modality:OPEN <> ($this:com.example.common.image.RemoteImageKt.RemoteImage-wH6b6FI.<no name provided>, p1:kotlin.Any?, p2:kotlin.Any?) returnType:kotlin.Any?
            $this: VALUE_PARAMETER INSTANCE_RECEIVER name:<this> type:com.example.common.image.RemoteImageKt.RemoteImage-wH6b6FI.<no name provided>
            VALUE_PARAMETER BRIDGE name:p1 index:0 type:kotlin.Any?
            VALUE_PARAMETER BRIDGE name:p2 index:1 type:kotlin.Any?
            EXPRESSION_BODY
              RETURN type=kotlin.Nothing from='public open fun invoke (p1: kotlin.Any?, p2: kotlin.Any?): kotlin.Any? declared in com.example.common.image.RemoteImageKt.RemoteImage-wH6b6FI.<no name provided>'
                CALL 'public final fun invoke (p1: kotlinx.coroutines.CoroutineScope, p2: kotlin.coroutines.Continuation<kotlin.Unit>?): kotlin.Any? declared in com.example.common.image.RemoteImageKt.RemoteImage-wH6b6FI.<no name provided>' type=kotlin.Any? origin=BRIDGE_DELEGATION
                  $this: GET_VAR '<this>: com.example.common.image.RemoteImageKt.RemoteImage-wH6b6FI.<no name provided> declared in com.example.common.image.RemoteImageKt.RemoteImage-wH6b6FI.<no name provided>.invoke' type=com.example.common.image.RemoteImageKt.RemoteImage-wH6b6FI.<no name provided> origin=null
                  p1: TYPE_OP type=kotlinx.coroutines.CoroutineScope origin=IMPLICIT_CAST typeOperand=kotlinx.coroutines.CoroutineScope
                    GET_VAR 'p1: kotlin.Any? declared in com.example.common.image.RemoteImageKt.RemoteImage-wH6b6FI.<no name provided>.invoke' type=kotlin.Any? origin=null
                  p2: TYPE_OP type=kotlin.coroutines.Continuation<*> origin=IMPLICIT_CAST typeOperand=kotlin.coroutines.Continuation<*>
                    GET_VAR 'p2: kotlin.Any? declared in com.example.common.image.RemoteImageKt.RemoteImage-wH6b6FI.<no name provided>.invoke' type=kotlin.Any? origin=null
        CONSTRUCTOR_CALL 'public/*package*/ constructor <init> ($url: kotlin.String?, $bitmap$delegate: androidx.compose.runtime.MutableState<android.graphics.Bitmap?>, $completion: kotlin.coroutines.Continuation<com.example.common.image.RemoteImageKt.RemoteImage-wH6b6FI.<no name provided>>?) [primary] declared in com.example.common.image.RemoteImageKt.RemoteImage-wH6b6FI.<no name provided>' type=com.example.common.image.RemoteImageKt.RemoteImage-wH6b6FI.<no name provided> origin=null
          $url: GET_VAR 'url: kotlin.String? declared in com.example.common.image.RemoteImageKt.RemoteImage-wH6b6FI' type=kotlin.String? origin=null
          $bitmap$delegate: GET_VAR 'val bitmap$delegate: androidx.compose.runtime.MutableState<android.graphics.Bitmap?> [val] declared in com.example.common.image.RemoteImageKt.RemoteImage-wH6b6FI' type=androidx.compose.runtime.MutableState<android.graphics.Bitmap?> origin=null
          $completion: CONST Null type=kotlin.Nothing? value=null
    COMPOSITE type=kotlin.Unit origin=null
      BLOCK type=kotlin.Unit? origin=FOLDED_SAFE_CALL
        WHEN type=kotlin.Unit? origin=FOLDED_SAFE_CALL
          BRANCH
            if: COMPOSITE type=kotlin.Boolean origin=null
              VAR IR_TEMPORARY_VARIABLE name:tmp0_safe_receiver type:android.graphics.Bitmap? [val]
                CALL 'private final fun RemoteImage_wH6b6FI$lambda$1 ($bitmap$delegate: androidx.compose.runtime.MutableState<android.graphics.Bitmap?>): android.graphics.Bitmap? declared in com.example.common.image.RemoteImageKt' type=android.graphics.Bitmap? origin=GET_LOCAL_PROPERTY
                  $bitmap$delegate: GET_VAR 'val bitmap$delegate: androidx.compose.runtime.MutableState<android.graphics.Bitmap?> [val] declared in com.example.common.image.RemoteImageKt.RemoteImage-wH6b6FI' type=androidx.compose.runtime.MutableState<android.graphics.Bitmap?> origin=null
              CALL 'public final fun not (): kotlin.Boolean [operator] declared in kotlin.Boolean' type=kotlin.Boolean origin=null
                $this: CALL 'public final fun EQEQ (arg0: kotlin.Any?, arg1: kotlin.Any?): kotlin.Boolean declared in kotlin.internal.ir' type=kotlin.Boolean origin=null
                  arg0: GET_VAR 'val tmp0_safe_receiver: android.graphics.Bitmap? [val] declared in com.example.common.image.RemoteImageKt.RemoteImage-wH6b6FI' type=android.graphics.Bitmap? origin=null
                  arg1: CONST Null type=kotlin.Nothing? value=null
            then: CALL 'public final fun let <T, R> (block: kotlin.Function1<T of kotlin.StandardKt.let, R of kotlin.StandardKt.let>): R of kotlin.StandardKt.let [inline] declared in kotlin.StandardKt' type=kotlin.Unit origin=null
              <T>: android.graphics.Bitmap
              <R>: kotlin.Unit
              $receiver: GET_VAR 'val tmp0_safe_receiver: android.graphics.Bitmap? [val] declared in com.example.common.image.RemoteImageKt.RemoteImage-wH6b6FI' type=android.graphics.Bitmap? origin=null
              block: BLOCK type=kotlin.Function1<android.graphics.Bitmap, kotlin.Unit> origin=LAMBDA
                COMPOSITE type=kotlin.Unit origin=null
                FUNCTION_REFERENCE 'private final fun RemoteImage_wH6b6FI$lambda$3 ($modifier: androidx.compose.ui.Modifier, $size: androidx.compose.ui.unit.Dp, it: android.graphics.Bitmap): kotlin.Unit declared in com.example.common.image.RemoteImageKt' type=kotlin.Function1<android.graphics.Bitmap, kotlin.Unit> origin=INLINE_LAMBDA reflectionTarget=null
                  $modifier: GET_VAR 'modifier: androidx.compose.ui.Modifier declared in com.example.common.image.RemoteImageKt.RemoteImage-wH6b6FI' type=androidx.compose.ui.Modifier origin=null
                  $size: GET_VAR 'size: androidx.compose.ui.unit.Dp declared in com.example.common.image.RemoteImageKt.RemoteImage-wH6b6FI' type=androidx.compose.ui.unit.Dp origin=null
          BRANCH
            if: CONST Boolean type=kotlin.Boolean value=true
            then: CONST Null type=kotlin.Nothing? value=null

	at org.jetbrains.kotlin.backend.jvm.codegen.FunctionCodegen.generate(FunctionCodegen.kt:47)
	at org.jetbrains.kotlin.backend.jvm.codegen.FunctionCodegen.generate$default(FunctionCodegen.kt:40)
	at org.jetbrains.kotlin.backend.jvm.codegen.ClassCodegen.generateMethodNode(ClassCodegen.kt:406)
	at org.jetbrains.kotlin.backend.jvm.codegen.ClassCodegen.generateMethod(ClassCodegen.kt:423)
	at org.jetbrains.kotlin.backend.jvm.codegen.ClassCodegen.generate(ClassCodegen.kt:168)
	at org.jetbrains.kotlin.backend.jvm.FileCodegen.lower(JvmPhases.kt:39)
	at org.jetbrains.kotlin.backend.common.phaser.PhaseFactoriesKt.createFilePhase$lambda$4(PhaseFactories.kt:71)
	at org.jetbrains.kotlin.backend.common.phaser.PhaseBuildersKt$createSimpleNamedCompilerPhase$1.phaseBody(PhaseBuilders.kt:69)
	at org.jetbrains.kotlin.backend.common.phaser.SimpleNamedCompilerPhase.phaseBody(CompilerPhase.kt:226)
	at org.jetbrains.kotlin.backend.common.phaser.AbstractNamedCompilerPhase.invoke(CompilerPhase.kt:113)
	at org.jetbrains.kotlin.backend.common.phaser.PerformByIrFilePhase.invokeSequential(performByIrFile.kt:62)
	... 43 more
Caused by: org.jetbrains.kotlin.codegen.CompilationException: Back-end (JVM) Internal error: Couldn't inline method call: CALL 'public final fun remember <T> (calculation: @[DisallowComposableCalls] kotlin.Function0<T of androidx.compose.runtime.ComposablesKt.remember>): T of androidx.compose.runtime.ComposablesKt.remember [inline] declared in androidx.compose.runtime.ComposablesKt' type=androidx.compose.runtime.MutableState<android.graphics.Bitmap?> origin=null
Method: null
File is unknown
The root cause java.lang.IllegalStateException was thrown at: org.jetbrains.kotlin.codegen.inline.SourceCompilerForInlineKt.getMethodNode(SourceCompilerForInline.kt:118)
	at org.jetbrains.kotlin.codegen.inline.InlineCodegen.performInline(InlineCodegen.kt:65)
	at org.jetbrains.kotlin.backend.jvm.codegen.IrInlineCodegen.genInlineCall(IrInlineCodegen.kt:163)
	at org.jetbrains.kotlin.backend.jvm.codegen.IrInlineCallGenerator.genCall(IrInlineCallGenerator.kt:36)
	at org.jetbrains.kotlin.backend.jvm.codegen.ExpressionCodegen.visitCall(ExpressionCodegen.kt:653)
	at org.jetbrains.kotlin.backend.jvm.codegen.ExpressionCodegen.visitCall(ExpressionCodegen.kt:138)
	at org.jetbrains.kotlin.ir.expressions.IrCall.accept(IrCall.kt:24)
	at org.jetbrains.kotlin.backend.jvm.codegen.ExpressionCodegen.visitVariable(ExpressionCodegen.kt:790)
	at org.jetbrains.kotlin.backend.jvm.codegen.ExpressionCodegen.visitVariable(ExpressionCodegen.kt:138)
	at org.jetbrains.kotlin.ir.declarations.IrVariable.accept(IrVariable.kt:36)
	at org.jetbrains.kotlin.backend.jvm.codegen.ExpressionCodegen.visitStatementContainer(ExpressionCodegen.kt:579)
	at org.jetbrains.kotlin.backend.jvm.codegen.ExpressionCodegen.visitBlockBody(ExpressionCodegen.kt:584)
	at org.jetbrains.kotlin.backend.jvm.codegen.ExpressionCodegen.visitBlockBody(ExpressionCodegen.kt:138)
	at org.jetbrains.kotlin.ir.expressions.IrBlockBody.accept(IrBlockBody.kt:20)
	at org.jetbrains.kotlin.backend.jvm.codegen.ExpressionCodegen.generate(ExpressionCodegen.kt:240)
	at org.jetbrains.kotlin.backend.jvm.codegen.FunctionCodegen.doGenerate(FunctionCodegen.kt:123)
	at org.jetbrains.kotlin.backend.jvm.codegen.FunctionCodegen.generate(FunctionCodegen.kt:44)
	... 53 more
Caused by: java.lang.IllegalStateException: couldn't find inline method Landroidx/compose/runtime/ComposablesKt;.remember(Lkotlin/jvm/functions/Function0;)Ljava/lang/Object;
	at org.jetbrains.kotlin.codegen.inline.SourceCompilerForInlineKt.getMethodNode(SourceCompilerForInline.kt:118)
	at org.jetbrains.kotlin.codegen.inline.SourceCompilerForInlineKt.loadCompiledInlineFunction(SourceCompilerForInline.kt:96)
	at org.jetbrains.kotlin.backend.jvm.codegen.IrSourceCompilerForInline.compileInlineFunction(IrSourceCompilerForInline.kt:91)
	at org.jetbrains.kotlin.codegen.inline.InlineCodegen.compileInline(InlineCodegen.kt:43)
	at org.jetbrains.kotlin.codegen.inline.InlineCodegen.performInline(InlineCodegen.kt:51)
	... 68 more


